<?xml version="1.0" encoding="UTF-8"?>
<!-- Generated by org.testng.reporters.JUnitXMLReporter -->
<testsuite ignored="0" hostname="QT-INBG-LT1932" failures="0" tests="7" name="Default test" time="12.691" errors="0" timestamp="2022-09-16T17:11:20 IST">
  <testcase classname="ContactUs" name="launchBrowser" time="4.792"/>
  <testcase classname="ContactUs" name="clickContactUs" time="2.352"/>
  <testcase classname="ContactUs" name="enterName" time="0.091"/>
  <testcase classname="ContactUs" name="enterMail" time="0.092"/>
  <testcase classname="ContactUs" name="enterPhoneNumber" time="0.084"/>
  <testcase classname="ContactUs" name="enterMessage" time="5.083"/>
  <testcase classname="ContactUs" name="clickOnSend" time="0.149"/>
</testsuite> <!-- Default test -->
