<?xml version="1.0" encoding="UTF-8"?>
<testng-results ignored="0" total="7" passed="7" failed="0" skipped="0">
  <reporter-output>
  </reporter-output>
  <suite started-at="2022-09-16T17:11:07 IST" name="Default suite" finished-at="2022-09-16T17:11:20 IST" duration-ms="12691">
    <groups>
    </groups>
    <test started-at="2022-09-16T17:11:07 IST" name="Default test" finished-at="2022-09-16T17:11:20 IST" duration-ms="12691">
      <class name="ContactUs">
        <test-method signature="launchBrowser()[pri:1, instance:ContactUs@37654521]" started-at="2022-09-16T17:11:07 IST" name="launchBrowser" finished-at="2022-09-16T17:11:12 IST" duration-ms="4792" status="PASS">
          <reporter-output>
          </reporter-output>
        </test-method> <!-- launchBrowser -->
        <test-method signature="clickContactUs()[pri:2, instance:ContactUs@37654521]" started-at="2022-09-16T17:11:12 IST" name="clickContactUs" finished-at="2022-09-16T17:11:14 IST" duration-ms="2352" status="PASS">
          <reporter-output>
          </reporter-output>
        </test-method> <!-- clickContactUs -->
        <test-method signature="enterName()[pri:2, instance:ContactUs@37654521]" started-at="2022-09-16T17:11:14 IST" name="enterName" finished-at="2022-09-16T17:11:14 IST" duration-ms="91" status="PASS">
          <reporter-output>
          </reporter-output>
        </test-method> <!-- enterName -->
        <test-method signature="enterMail()[pri:3, instance:ContactUs@37654521]" started-at="2022-09-16T17:11:14 IST" name="enterMail" finished-at="2022-09-16T17:11:14 IST" duration-ms="92" status="PASS">
          <reporter-output>
          </reporter-output>
        </test-method> <!-- enterMail -->
        <test-method signature="enterPhoneNumber()[pri:4, instance:ContactUs@37654521]" started-at="2022-09-16T17:11:14 IST" name="enterPhoneNumber" finished-at="2022-09-16T17:11:14 IST" duration-ms="84" status="PASS">
          <reporter-output>
          </reporter-output>
        </test-method> <!-- enterPhoneNumber -->
        <test-method signature="enterMessage()[pri:5, instance:ContactUs@37654521]" started-at="2022-09-16T17:11:14 IST" name="enterMessage" finished-at="2022-09-16T17:11:19 IST" duration-ms="5083" status="PASS">
          <reporter-output>
          </reporter-output>
        </test-method> <!-- enterMessage -->
        <test-method signature="clickOnSend()[pri:6, instance:ContactUs@37654521]" started-at="2022-09-16T17:11:19 IST" name="clickOnSend" finished-at="2022-09-16T17:11:20 IST" duration-ms="149" status="PASS">
          <reporter-output>
          </reporter-output>
        </test-method> <!-- clickOnSend -->
      </class> <!-- ContactUs -->
    </test> <!-- Default test -->
  </suite> <!-- Default suite -->
</testng-results>
