<?xml version="1.0" encoding="UTF-8"?>
<!-- Generated by org.testng.reporters.JUnitXMLReporter -->
<testsuite ignored="0" hostname="QT-INBG-LT1932" failures="0" tests="9" name="Test" time="36.684" errors="0" timestamp="2022-09-16T16:41:34 IST">
  <testcase classname="ContactUs" name="launchBrowser" time="4.55"/>
  <testcase classname="ContactUs" name="clickContactUs" time="2.43"/>
  <testcase classname="ContactUs" name="enterName" time="0.092"/>
  <testcase classname="ContactUs" name="enterMail" time="0.088"/>
  <testcase classname="ContactUs" name="enterPhoneNumber" time="0.085"/>
  <testcase classname="ContactUs" name="enterMessage" time="5.098"/>
  <testcase classname="ContactUs" name="clickOnSend" time="0.156"/>
  <testcase classname="Signup" name="signup" time="12.179"/>
  <testcase classname="SignIn" name="SignIn" time="11.943"/>
</testsuite> <!-- Test -->
